<?xml version="1.0" encoding="UTF-8"?>
<!-- Generated by org.testng.reporters.JUnitReportReporter -->
<testsuite hostname="TRPRDK67HF1J-D" name="mavenPackage.mavenProject1.NewTest" tests="1" failures="0" timestamp="29 Aug 2018 04:31:55 GMT" time="4.229" errors="0">
  <testcase name="f" time="4.229" classname="mavenPackage.mavenProject1.NewTest"/>
</testsuite> <!-- mavenPackage.mavenProject1.NewTest -->
